Fitter Finalize Stage Report for afu_default
Wed Nov 29 15:58:56 2023
Quartus Prime Version 19.2.0 Build 57 06/24/2019 Patches 0.01rc SJ Pro Edition


---------------------
; Table of Contents ;
---------------------
  1. Legal Notice
  2. Fitter HSLP Summary
  3. Finalize Messages



----------------
; Legal Notice ;
----------------
Copyright (C) 2019  Intel Corporation. All rights reserved.
Your use of Intel Corporation's design tools, logic functions 
and other software and tools, and any partner logic 
functions, and any output files from any of the foregoing 
(including device programming or simulation files), and any 
associated documentation or information are expressly subject 
to the terms and conditions of the Intel Program License 
Subscription Agreement, the Intel Quartus Prime License Agreement,
the Intel FPGA IP License Agreement, or other applicable license
agreement, including, without limitation, that your use is for
the sole purpose of programming logic devices manufactured by
Intel and sold by Intel or its authorized distributors.  Please
refer to the applicable agreement for further details, at
https://fpgasoftware.intel.com/eula.



+---------------------------------------------------------------------------------+
; Fitter HSLP Summary                                                             ;
+--------------------------------------------------------+-----------------+------+
; Resource                                               ; Usage           ; %    ;
+--------------------------------------------------------+-----------------+------+
;                                                        ;                 ;      ;
; Programmable power technology high-speed tiles         ; 2,215 / 18,244  ; 12 % ;
; Programmable power technology low-power tiles          ; 16,029 / 18,244 ; 88 % ;
;     -- low-power tiles that are used by the design     ; 4,988 / 16,029  ; 31 % ;
;     -- unused tiles (low-power)                        ; 11,041 / 16,029 ; 69 % ;
;                                                        ;                 ;      ;
; Programmable power technology high-speed LAB tiles     ; 2,002 / 13,898  ; 14 % ;
; Programmable power technology low-power LAB tiles      ; 11,896 / 13,898 ; 86 % ;
;     -- low-power LAB tiles that are used by the design ; 4,602 / 11,896  ; 39 % ;
;     -- unused LAB tiles (low-power)                    ; 7,294 / 11,896  ; 61 % ;
;                                                        ;                 ;      ;
+--------------------------------------------------------+-----------------+------+


+-------------------+
; Finalize Messages ;
+-------------------+
Info: *******************************************************************
Info: Running Quartus Prime Fitter
    Info: Version 19.2.0 Build 57 06/24/2019 Patches 0.01rc SJ Pro Edition
    Info: Processing started: Wed Nov 29 15:44:32 2023
Info: Command: quartus_fit --read_settings_files=on --write_settings_files=off dcp -c afu_default
Info: qfit2_default_script.tcl version: #1
Info: Project  = dcp
Info: Revision = afu_default
Critical Warning (19519): The instance assignment "POWER_UP_LEVEL" on register "fpga_top|inst_green_bs|platform_shim_ccip_std_afu|platform_shim_ccip|c.ccip_async_shim|c2tx_afifo|dcfifo_component|auto_generated|rdemp_eq_comp_lsb_aeb", in reconfigurable partition "fpga_top|inst_green_bs", is ignored. Initial condition is not guaranteed during partial reconfiguration.
Critical Warning (19519): The instance assignment "POWER_UP_LEVEL" on register "fpga_top|inst_green_bs|platform_shim_ccip_std_afu|platform_shim_ccip|c.ccip_async_shim|c2tx_afifo|dcfifo_component|auto_generated|rdemp_eq_comp_msb_aeb", in reconfigurable partition "fpga_top|inst_green_bs", is ignored. Initial condition is not guaranteed during partial reconfiguration.
Critical Warning (19519): The instance assignment "POWER_UP_LEVEL" on register "fpga_top|inst_green_bs|platform_shim_ccip_std_afu|platform_shim_ccip|c.ccip_async_shim|c2tx_afifo|dcfifo_component|auto_generated|wrptr_g[0]", in reconfigurable partition "fpga_top|inst_green_bs", is ignored. Initial condition is not guaranteed during partial reconfiguration.
Critical Warning (19519): The instance assignment "POWER_UP_LEVEL" on register "fpga_top|inst_green_bs|platform_shim_ccip_std_afu|platform_shim_ccip|c.ccip_async_shim|c2tx_afifo|dcfifo_component|auto_generated|wrptr_g[1]", in reconfigurable partition "fpga_top|inst_green_bs", is ignored. Initial condition is not guaranteed during partial reconfiguration.
Critical Warning (19519): The instance assignment "POWER_UP_LEVEL" on register "fpga_top|inst_green_bs|platform_shim_ccip_std_afu|platform_shim_ccip|c.ccip_async_shim|c2tx_afifo|dcfifo_component|auto_generated|wrptr_g[2]", in reconfigurable partition "fpga_top|inst_green_bs", is ignored. Initial condition is not guaranteed during partial reconfiguration.
Critical Warning (19519): The instance assignment "POWER_UP_LEVEL" on register "fpga_top|inst_green_bs|platform_shim_ccip_std_afu|platform_shim_ccip|c.ccip_async_shim|c2tx_afifo|dcfifo_component|auto_generated|wrptr_g[3]", in reconfigurable partition "fpga_top|inst_green_bs", is ignored. Initial condition is not guaranteed during partial reconfiguration.
Critical Warning (19519): The instance assignment "POWER_UP_LEVEL" on register "fpga_top|inst_green_bs|platform_shim_ccip_std_afu|platform_shim_ccip|c.ccip_async_shim|c2tx_afifo|dcfifo_component|auto_generated|wrptr_g[4]", in reconfigurable partition "fpga_top|inst_green_bs", is ignored. Initial condition is not guaranteed during partial reconfiguration.
Critical Warning (19519): The instance assignment "POWER_UP_LEVEL" on register "fpga_top|inst_green_bs|platform_shim_ccip_std_afu|platform_shim_ccip|c.ccip_async_shim|c2tx_afifo|dcfifo_component|auto_generated|wrptr_g[5]", in reconfigurable partition "fpga_top|inst_green_bs", is ignored. Initial condition is not guaranteed during partial reconfiguration.
Critical Warning (19519): The instance assignment "POWER_UP_LEVEL" on register "fpga_top|inst_green_bs|platform_shim_ccip_std_afu|platform_shim_ccip|c.ccip_async_shim|c2tx_afifo|dcfifo_component|auto_generated|wrptr_g[6]", in reconfigurable partition "fpga_top|inst_green_bs", is ignored. Initial condition is not guaranteed during partial reconfiguration.
Critical Warning (19519): The instance assignment "POWER_UP_LEVEL" on register "fpga_top|inst_green_bs|platform_shim_ccip_std_afu|platform_shim_ccip|c.ccip_async_shim|c2tx_afifo|dcfifo_component|auto_generated|rdptr_g1p|counter1a0", in reconfigurable partition "fpga_top|inst_green_bs", is ignored. Initial condition is not guaranteed during partial reconfiguration.
Critical Warning (19519): The instance assignment "POWER_UP_LEVEL" on register "fpga_top|inst_green_bs|platform_shim_ccip_std_afu|platform_shim_ccip|c.ccip_async_shim|c1tx_afifo|dcfifo_component|auto_generated|rdemp_eq_comp_lsb_aeb", in reconfigurable partition "fpga_top|inst_green_bs", is ignored. Initial condition is not guaranteed during partial reconfiguration.
Critical Warning (19519): The instance assignment "POWER_UP_LEVEL" on register "fpga_top|inst_green_bs|platform_shim_ccip_std_afu|platform_shim_ccip|c.ccip_async_shim|c1tx_afifo|dcfifo_component|auto_generated|rdemp_eq_comp_msb_aeb", in reconfigurable partition "fpga_top|inst_green_bs", is ignored. Initial condition is not guaranteed during partial reconfiguration.
Critical Warning (19519): The instance assignment "POWER_UP_LEVEL" on register "fpga_top|inst_green_bs|platform_shim_ccip_std_afu|platform_shim_ccip|c.ccip_async_shim|c1tx_afifo|dcfifo_component|auto_generated|wrptr_g[0]", in reconfigurable partition "fpga_top|inst_green_bs", is ignored. Initial condition is not guaranteed during partial reconfiguration.
Critical Warning (19519): The instance assignment "POWER_UP_LEVEL" on register "fpga_top|inst_green_bs|platform_shim_ccip_std_afu|platform_shim_ccip|c.ccip_async_shim|c1tx_afifo|dcfifo_component|auto_generated|wrptr_g[1]", in reconfigurable partition "fpga_top|inst_green_bs", is ignored. Initial condition is not guaranteed during partial reconfiguration.
Critical Warning (19519): The instance assignment "POWER_UP_LEVEL" on register "fpga_top|inst_green_bs|platform_shim_ccip_std_afu|platform_shim_ccip|c.ccip_async_shim|c1tx_afifo|dcfifo_component|auto_generated|wrptr_g[2]", in reconfigurable partition "fpga_top|inst_green_bs", is ignored. Initial condition is not guaranteed during partial reconfiguration.
Critical Warning (19519): The instance assignment "POWER_UP_LEVEL" on register "fpga_top|inst_green_bs|platform_shim_ccip_std_afu|platform_shim_ccip|c.ccip_async_shim|c1tx_afifo|dcfifo_component|auto_generated|wrptr_g[3]", in reconfigurable partition "fpga_top|inst_green_bs", is ignored. Initial condition is not guaranteed during partial reconfiguration.
Critical Warning (19519): The instance assignment "POWER_UP_LEVEL" on register "fpga_top|inst_green_bs|platform_shim_ccip_std_afu|platform_shim_ccip|c.ccip_async_shim|c1tx_afifo|dcfifo_component|auto_generated|wrptr_g[4]", in reconfigurable partition "fpga_top|inst_green_bs", is ignored. Initial condition is not guaranteed during partial reconfiguration.
Critical Warning (19519): The instance assignment "POWER_UP_LEVEL" on register "fpga_top|inst_green_bs|platform_shim_ccip_std_afu|platform_shim_ccip|c.ccip_async_shim|c1tx_afifo|dcfifo_component|auto_generated|wrptr_g[5]", in reconfigurable partition "fpga_top|inst_green_bs", is ignored. Initial condition is not guaranteed during partial reconfiguration.
Critical Warning (19519): The instance assignment "POWER_UP_LEVEL" on register "fpga_top|inst_green_bs|platform_shim_ccip_std_afu|platform_shim_ccip|c.ccip_async_shim|c1tx_afifo|dcfifo_component|auto_generated|wrptr_g[6]", in reconfigurable partition "fpga_top|inst_green_bs", is ignored. Initial condition is not guaranteed during partial reconfiguration.
Critical Warning (19519): The instance assignment "POWER_UP_LEVEL" on register "fpga_top|inst_green_bs|platform_shim_ccip_std_afu|platform_shim_ccip|c.ccip_async_shim|c1tx_afifo|dcfifo_component|auto_generated|rdptr_g1p|counter1a0", in reconfigurable partition "fpga_top|inst_green_bs", is ignored. Initial condition is not guaranteed during partial reconfiguration.
Critical Warning (19519): The instance assignment "POWER_UP_LEVEL" on register "fpga_top|inst_green_bs|platform_shim_ccip_std_afu|platform_shim_ccip|c.ccip_async_shim|c0tx_afifo|dcfifo_component|auto_generated|rdemp_eq_comp_lsb_aeb", in reconfigurable partition "fpga_top|inst_green_bs", is ignored. Initial condition is not guaranteed during partial reconfiguration.
Critical Warning (19519): The instance assignment "POWER_UP_LEVEL" on register "fpga_top|inst_green_bs|platform_shim_ccip_std_afu|platform_shim_ccip|c.ccip_async_shim|c0tx_afifo|dcfifo_component|auto_generated|rdemp_eq_comp_msb_aeb", in reconfigurable partition "fpga_top|inst_green_bs", is ignored. Initial condition is not guaranteed during partial reconfiguration.
Critical Warning (19519): The instance assignment "POWER_UP_LEVEL" on register "fpga_top|inst_green_bs|platform_shim_ccip_std_afu|platform_shim_ccip|c.ccip_async_shim|c0tx_afifo|dcfifo_component|auto_generated|wrptr_g[0]", in reconfigurable partition "fpga_top|inst_green_bs", is ignored. Initial condition is not guaranteed during partial reconfiguration.
Critical Warning (19519): The instance assignment "POWER_UP_LEVEL" on register "fpga_top|inst_green_bs|platform_shim_ccip_std_afu|platform_shim_ccip|c.ccip_async_shim|c0tx_afifo|dcfifo_component|auto_generated|wrptr_g[1]", in reconfigurable partition "fpga_top|inst_green_bs", is ignored. Initial condition is not guaranteed during partial reconfiguration.
Critical Warning (19519): The instance assignment "POWER_UP_LEVEL" on register "fpga_top|inst_green_bs|platform_shim_ccip_std_afu|platform_shim_ccip|c.ccip_async_shim|c0tx_afifo|dcfifo_component|auto_generated|wrptr_g[2]", in reconfigurable partition "fpga_top|inst_green_bs", is ignored. Initial condition is not guaranteed during partial reconfiguration.
Critical Warning (19519): The instance assignment "POWER_UP_LEVEL" on register "fpga_top|inst_green_bs|platform_shim_ccip_std_afu|platform_shim_ccip|c.ccip_async_shim|c0tx_afifo|dcfifo_component|auto_generated|wrptr_g[3]", in reconfigurable partition "fpga_top|inst_green_bs", is ignored. Initial condition is not guaranteed during partial reconfiguration.
Critical Warning (19519): The instance assignment "POWER_UP_LEVEL" on register "fpga_top|inst_green_bs|platform_shim_ccip_std_afu|platform_shim_ccip|c.ccip_async_shim|c0tx_afifo|dcfifo_component|auto_generated|wrptr_g[4]", in reconfigurable partition "fpga_top|inst_green_bs", is ignored. Initial condition is not guaranteed during partial reconfiguration.
Critical Warning (19519): The instance assignment "POWER_UP_LEVEL" on register "fpga_top|inst_green_bs|platform_shim_ccip_std_afu|platform_shim_ccip|c.ccip_async_shim|c0tx_afifo|dcfifo_component|auto_generated|wrptr_g[5]", in reconfigurable partition "fpga_top|inst_green_bs", is ignored. Initial condition is not guaranteed during partial reconfiguration.
Critical Warning (19519): The instance assignment "POWER_UP_LEVEL" on register "fpga_top|inst_green_bs|platform_shim_ccip_std_afu|platform_shim_ccip|c.ccip_async_shim|c0tx_afifo|dcfifo_component|auto_generated|rdptr_g1p|counter1a0", in reconfigurable partition "fpga_top|inst_green_bs", is ignored. Initial condition is not guaranteed during partial reconfiguration.
Critical Warning (19519): The instance assignment "POWER_UP_LEVEL" on register "fpga_top|inst_green_bs|platform_shim_ccip_std_afu|platform_shim_ccip|c.ccip_async_shim|c2tx_afifo|dcfifo_component|auto_generated|wrptr_g1p|counter4a0", in reconfigurable partition "fpga_top|inst_green_bs", is ignored. Initial condition is not guaranteed during partial reconfiguration.
Critical Warning (19519): The instance assignment "POWER_UP_LEVEL" on register "fpga_top|inst_green_bs|platform_shim_ccip_std_afu|platform_shim_ccip|c.ccip_async_shim|c2tx_afifo|dcfifo_component|auto_generated|rdptr_g1p|parity2", in reconfigurable partition "fpga_top|inst_green_bs", is ignored. Initial condition is not guaranteed during partial reconfiguration.
Critical Warning (19519): The instance assignment "POWER_UP_LEVEL" on register "fpga_top|inst_green_bs|platform_shim_ccip_std_afu|platform_shim_ccip|c.ccip_async_shim|c1tx_afifo|dcfifo_component|auto_generated|wrptr_g1p|counter4a0", in reconfigurable partition "fpga_top|inst_green_bs", is ignored. Initial condition is not guaranteed during partial reconfiguration.
Critical Warning (19519): The instance assignment "POWER_UP_LEVEL" on register "fpga_top|inst_green_bs|platform_shim_ccip_std_afu|platform_shim_ccip|c.ccip_async_shim|c1tx_afifo|dcfifo_component|auto_generated|rdptr_g1p|parity2", in reconfigurable partition "fpga_top|inst_green_bs", is ignored. Initial condition is not guaranteed during partial reconfiguration.
Critical Warning (19519): The instance assignment "POWER_UP_LEVEL" on register "fpga_top|inst_green_bs|platform_shim_ccip_std_afu|platform_shim_ccip|c.ccip_async_shim|c0tx_afifo|dcfifo_component|auto_generated|wrptr_g1p|counter3a0", in reconfigurable partition "fpga_top|inst_green_bs", is ignored. Initial condition is not guaranteed during partial reconfiguration.
Critical Warning (19519): The instance assignment "POWER_UP_LEVEL" on register "fpga_top|inst_green_bs|platform_shim_ccip_std_afu|platform_shim_ccip|c.ccip_async_shim|c0tx_afifo|dcfifo_component|auto_generated|rdptr_g1p|parity2", in reconfigurable partition "fpga_top|inst_green_bs", is ignored. Initial condition is not guaranteed during partial reconfiguration.
Critical Warning (19519): The instance assignment "POWER_UP_LEVEL" on register "fpga_top|inst_green_bs|platform_shim_ccip_std_afu|platform_shim_ccip|c.ccip_async_shim|c2tx_afifo|dcfifo_component|auto_generated|wrptr_g1p|parity5", in reconfigurable partition "fpga_top|inst_green_bs", is ignored. Initial condition is not guaranteed during partial reconfiguration.
Critical Warning (19519): The instance assignment "POWER_UP_LEVEL" on register "fpga_top|inst_green_bs|platform_shim_ccip_std_afu|platform_shim_ccip|c.ccip_async_shim|c1tx_afifo|dcfifo_component|auto_generated|wrptr_g1p|parity5", in reconfigurable partition "fpga_top|inst_green_bs", is ignored. Initial condition is not guaranteed during partial reconfiguration.
Critical Warning (19519): The instance assignment "POWER_UP_LEVEL" on register "fpga_top|inst_green_bs|platform_shim_ccip_std_afu|platform_shim_ccip|c.ccip_async_shim|c0tx_afifo|dcfifo_component|auto_generated|wrptr_g1p|parity4", in reconfigurable partition "fpga_top|inst_green_bs", is ignored. Initial condition is not guaranteed during partial reconfiguration.
Critical Warning (19519): The instance assignment "POWER_UP_LEVEL" on register "fpga_top|inst_green_bs|platform_shim_ccip_std_afu|platform_shim_ccip|c.ccip_async_shim|c0rx_afifo|dcfifo_component|auto_generated|rdemp_eq_comp_lsb_aeb", in reconfigurable partition "fpga_top|inst_green_bs", is ignored. Initial condition is not guaranteed during partial reconfiguration.
Critical Warning (19519): The instance assignment "POWER_UP_LEVEL" on register "fpga_top|inst_green_bs|platform_shim_ccip_std_afu|platform_shim_ccip|c.ccip_async_shim|c0rx_afifo|dcfifo_component|auto_generated|rdemp_eq_comp_msb_aeb", in reconfigurable partition "fpga_top|inst_green_bs", is ignored. Initial condition is not guaranteed during partial reconfiguration.
Critical Warning (19519): The instance assignment "POWER_UP_LEVEL" on register "fpga_top|inst_green_bs|platform_shim_ccip_std_afu|platform_shim_ccip|c.ccip_async_shim|c0rx_afifo|dcfifo_component|auto_generated|wrptr_g[0]", in reconfigurable partition "fpga_top|inst_green_bs", is ignored. Initial condition is not guaranteed during partial reconfiguration.
Critical Warning (19519): The instance assignment "POWER_UP_LEVEL" on register "fpga_top|inst_green_bs|platform_shim_ccip_std_afu|platform_shim_ccip|c.ccip_async_shim|c0rx_afifo|dcfifo_component|auto_generated|wrptr_g[1]", in reconfigurable partition "fpga_top|inst_green_bs", is ignored. Initial condition is not guaranteed during partial reconfiguration.
Critical Warning (19519): The instance assignment "POWER_UP_LEVEL" on register "fpga_top|inst_green_bs|platform_shim_ccip_std_afu|platform_shim_ccip|c.ccip_async_shim|c0rx_afifo|dcfifo_component|auto_generated|wrptr_g[2]", in reconfigurable partition "fpga_top|inst_green_bs", is ignored. Initial condition is not guaranteed during partial reconfiguration.
Critical Warning (19519): The instance assignment "POWER_UP_LEVEL" on register "fpga_top|inst_green_bs|platform_shim_ccip_std_afu|platform_shim_ccip|c.ccip_async_shim|c0rx_afifo|dcfifo_component|auto_generated|wrptr_g[3]", in reconfigurable partition "fpga_top|inst_green_bs", is ignored. Initial condition is not guaranteed during partial reconfiguration.
Critical Warning (19519): The instance assignment "POWER_UP_LEVEL" on register "fpga_top|inst_green_bs|platform_shim_ccip_std_afu|platform_shim_ccip|c.ccip_async_shim|c0rx_afifo|dcfifo_component|auto_generated|wrptr_g[4]", in reconfigurable partition "fpga_top|inst_green_bs", is ignored. Initial condition is not guaranteed during partial reconfiguration.
Critical Warning (19519): The instance assignment "POWER_UP_LEVEL" on register "fpga_top|inst_green_bs|platform_shim_ccip_std_afu|platform_shim_ccip|c.ccip_async_shim|c0rx_afifo|dcfifo_component|auto_generated|wrptr_g[5]", in reconfigurable partition "fpga_top|inst_green_bs", is ignored. Initial condition is not guaranteed during partial reconfiguration.
Critical Warning (19519): The instance assignment "POWER_UP_LEVEL" on register "fpga_top|inst_green_bs|platform_shim_ccip_std_afu|platform_shim_ccip|c.ccip_async_shim|c0rx_afifo|dcfifo_component|auto_generated|wrptr_g[6]", in reconfigurable partition "fpga_top|inst_green_bs", is ignored. Initial condition is not guaranteed during partial reconfiguration.
Critical Warning (19519): The instance assignment "POWER_UP_LEVEL" on register "fpga_top|inst_green_bs|platform_shim_ccip_std_afu|platform_shim_ccip|c.ccip_async_shim|c0rx_afifo|dcfifo_component|auto_generated|wrptr_g[7]", in reconfigurable partition "fpga_top|inst_green_bs", is ignored. Initial condition is not guaranteed during partial reconfiguration.
Critical Warning (19519): The instance assignment "POWER_UP_LEVEL" on register "fpga_top|inst_green_bs|platform_shim_ccip_std_afu|platform_shim_ccip|c.ccip_async_shim|c0rx_afifo|dcfifo_component|auto_generated|wrptr_g[8]", in reconfigurable partition "fpga_top|inst_green_bs", is ignored. Initial condition is not guaranteed during partial reconfiguration.
Critical Warning (19519): The instance assignment "POWER_UP_LEVEL" on register "fpga_top|inst_green_bs|platform_shim_ccip_std_afu|platform_shim_ccip|c.ccip_async_shim|c0rx_afifo|dcfifo_component|auto_generated|wrptr_g[9]", in reconfigurable partition "fpga_top|inst_green_bs", is ignored. Initial condition is not guaranteed during partial reconfiguration.
Critical Warning (19519): The instance assignment "POWER_UP_LEVEL" on register "fpga_top|inst_green_bs|platform_shim_ccip_std_afu|platform_shim_ccip|c.ccip_async_shim|c0rx_afifo|dcfifo_component|auto_generated|rdptr_g1p|counter1a0", in reconfigurable partition "fpga_top|inst_green_bs", is ignored. Initial condition is not guaranteed during partial reconfiguration.
Critical Warning (19519): The instance assignment "POWER_UP_LEVEL" on register "fpga_top|inst_green_bs|platform_shim_ccip_std_afu|platform_shim_ccip|c.ccip_async_shim|c0rx_afifo|dcfifo_component|auto_generated|wrptr_g1p|counter4a0", in reconfigurable partition "fpga_top|inst_green_bs", is ignored. Initial condition is not guaranteed during partial reconfiguration.
Critical Warning (19519): The instance assignment "POWER_UP_LEVEL" on register "fpga_top|inst_green_bs|platform_shim_ccip_std_afu|platform_shim_ccip|c.ccip_async_shim|c0rx_afifo|dcfifo_component|auto_generated|rdptr_g1p|parity2", in reconfigurable partition "fpga_top|inst_green_bs", is ignored. Initial condition is not guaranteed during partial reconfiguration.
Critical Warning (19519): The instance assignment "POWER_UP_LEVEL" on register "fpga_top|inst_green_bs|platform_shim_ccip_std_afu|platform_shim_ccip|c.ccip_async_shim|c1rx_afifo|dcfifo_component|auto_generated|rdemp_eq_comp_lsb_aeb", in reconfigurable partition "fpga_top|inst_green_bs", is ignored. Initial condition is not guaranteed during partial reconfiguration.
Critical Warning (19519): The instance assignment "POWER_UP_LEVEL" on register "fpga_top|inst_green_bs|platform_shim_ccip_std_afu|platform_shim_ccip|c.ccip_async_shim|c1rx_afifo|dcfifo_component|auto_generated|rdemp_eq_comp_msb_aeb", in reconfigurable partition "fpga_top|inst_green_bs", is ignored. Initial condition is not guaranteed during partial reconfiguration.
Critical Warning (19519): The instance assignment "POWER_UP_LEVEL" on register "fpga_top|inst_green_bs|platform_shim_ccip_std_afu|platform_shim_ccip|c.ccip_async_shim|c1rx_afifo|dcfifo_component|auto_generated|wrptr_g[0]", in reconfigurable partition "fpga_top|inst_green_bs", is ignored. Initial condition is not guaranteed during partial reconfiguration.
Critical Warning (19519): The instance assignment "POWER_UP_LEVEL" on register "fpga_top|inst_green_bs|platform_shim_ccip_std_afu|platform_shim_ccip|c.ccip_async_shim|c1rx_afifo|dcfifo_component|auto_generated|wrptr_g[1]", in reconfigurable partition "fpga_top|inst_green_bs", is ignored. Initial condition is not guaranteed during partial reconfiguration.
Critical Warning (19519): The instance assignment "POWER_UP_LEVEL" on register "fpga_top|inst_green_bs|platform_shim_ccip_std_afu|platform_shim_ccip|c.ccip_async_shim|c1rx_afifo|dcfifo_component|auto_generated|wrptr_g[2]", in reconfigurable partition "fpga_top|inst_green_bs", is ignored. Initial condition is not guaranteed during partial reconfiguration.
Critical Warning (19519): The instance assignment "POWER_UP_LEVEL" on register "fpga_top|inst_green_bs|platform_shim_ccip_std_afu|platform_shim_ccip|c.ccip_async_shim|c1rx_afifo|dcfifo_component|auto_generated|wrptr_g[3]", in reconfigurable partition "fpga_top|inst_green_bs", is ignored. Initial condition is not guaranteed during partial reconfiguration.
Critical Warning (19519): The instance assignment "POWER_UP_LEVEL" on register "fpga_top|inst_green_bs|platform_shim_ccip_std_afu|platform_shim_ccip|c.ccip_async_shim|c1rx_afifo|dcfifo_component|auto_generated|wrptr_g[4]", in reconfigurable partition "fpga_top|inst_green_bs", is ignored. Initial condition is not guaranteed during partial reconfiguration.
Critical Warning (19519): The instance assignment "POWER_UP_LEVEL" on register "fpga_top|inst_green_bs|platform_shim_ccip_std_afu|platform_shim_ccip|c.ccip_async_shim|c1rx_afifo|dcfifo_component|auto_generated|wrptr_g[5]", in reconfigurable partition "fpga_top|inst_green_bs", is ignored. Initial condition is not guaranteed during partial reconfiguration.
Critical Warning (19519): The instance assignment "POWER_UP_LEVEL" on register "fpga_top|inst_green_bs|platform_shim_ccip_std_afu|platform_shim_ccip|c.ccip_async_shim|c1rx_afifo|dcfifo_component|auto_generated|wrptr_g[6]", in reconfigurable partition "fpga_top|inst_green_bs", is ignored. Initial condition is not guaranteed during partial reconfiguration.
Critical Warning (19519): The instance assignment "POWER_UP_LEVEL" on register "fpga_top|inst_green_bs|platform_shim_ccip_std_afu|platform_shim_ccip|c.ccip_async_shim|c1rx_afifo|dcfifo_component|auto_generated|wrptr_g[7]", in reconfigurable partition "fpga_top|inst_green_bs", is ignored. Initial condition is not guaranteed during partial reconfiguration.
Critical Warning (19519): The instance assignment "POWER_UP_LEVEL" on register "fpga_top|inst_green_bs|platform_shim_ccip_std_afu|platform_shim_ccip|c.ccip_async_shim|c1rx_afifo|dcfifo_component|auto_generated|wrptr_g[8]", in reconfigurable partition "fpga_top|inst_green_bs", is ignored. Initial condition is not guaranteed during partial reconfiguration.
Critical Warning (19519): The instance assignment "POWER_UP_LEVEL" on register "fpga_top|inst_green_bs|platform_shim_ccip_std_afu|platform_shim_ccip|c.ccip_async_shim|c1rx_afifo|dcfifo_component|auto_generated|rdptr_g1p|counter1a0", in reconfigurable partition "fpga_top|inst_green_bs", is ignored. Initial condition is not guaranteed during partial reconfiguration.
Critical Warning (19519): The instance assignment "POWER_UP_LEVEL" on register "fpga_top|inst_green_bs|platform_shim_ccip_std_afu|platform_shim_ccip|c.ccip_async_shim|c0rx_afifo|dcfifo_component|auto_generated|wrptr_g1p|parity5", in reconfigurable partition "fpga_top|inst_green_bs", is ignored. Initial condition is not guaranteed during partial reconfiguration.
Critical Warning (19519): The instance assignment "POWER_UP_LEVEL" on register "fpga_top|inst_green_bs|platform_shim_ccip_std_afu|platform_shim_ccip|c.ccip_async_shim|c1rx_afifo|dcfifo_component|auto_generated|wrptr_g1p|counter4a0", in reconfigurable partition "fpga_top|inst_green_bs", is ignored. Initial condition is not guaranteed during partial reconfiguration.
Critical Warning (19519): The instance assignment "POWER_UP_LEVEL" on register "fpga_top|inst_green_bs|platform_shim_ccip_std_afu|platform_shim_ccip|c.ccip_async_shim|c1rx_afifo|dcfifo_component|auto_generated|rdptr_g1p|parity2", in reconfigurable partition "fpga_top|inst_green_bs", is ignored. Initial condition is not guaranteed during partial reconfiguration.
Critical Warning (19519): The instance assignment "POWER_UP_LEVEL" on register "fpga_top|inst_green_bs|platform_shim_ccip_std_afu|platform_shim_ccip|c.ccip_async_shim|c1rx_afifo|dcfifo_component|auto_generated|wrptr_g1p|parity5", in reconfigurable partition "fpga_top|inst_green_bs", is ignored. Initial condition is not guaranteed during partial reconfiguration.
Critical Warning (19519): The instance assignment "POWER_UP_LEVEL" on register "fpga_top|inst_green_bs|platform_shim_ccip_std_afu|platform_shim_ccip|c.ccip_async_shim|c2tx_afifo|dcfifo_component|auto_generated|wrptr_g1p|counter4a0~DUPLICATE", in reconfigurable partition "fpga_top|inst_green_bs", is ignored. Initial condition is not guaranteed during partial reconfiguration.
Critical Warning (19519): The instance assignment "POWER_UP_LEVEL" on register "fpga_top|inst_green_bs|platform_shim_ccip_std_afu|platform_shim_ccip|c.ccip_async_shim|c0rx_afifo|dcfifo_component|auto_generated|wrptr_g1p|counter4a0~DUPLICATE", in reconfigurable partition "fpga_top|inst_green_bs", is ignored. Initial condition is not guaranteed during partial reconfiguration.
Info (11888): Total time spent on timing analysis during Post-Routing is 0.02 seconds.
Info (16557): Fitter post-fit operations ending: elapsed time is 00:02:11


